<?xml version="1.0" encoding="UTF-8"?>
<testsuite xmlns:xsi="http://www.w3.org/2001/XMLSchema-instance" xsi:noNamespaceSchemaLocation="https://maven.apache.org/surefire/maven-surefire-plugin/xsd/surefire-test-report-3.0.xsd" version="3.0" name="com.poker.bts.repository.StrategyRepositoryTest" time="0.186" tests="7" errors="0" skipped="0" failures="0">
  <properties>
[...]
</properties>
  <testcase name="shouldThrowExceptionWhenScenarioNotFound" classname="com.poker.bts.repository.StrategyRepositoryTest" time="0.068">
    <system-out><![CDATA[2026-01-25 22:32:21 - Loading strategy for: Scenario{UTG vs UTG, OPEN}
]]></system-out>
  </testcase>
  <testcase name="shouldLoadBtnOpenScenario" classname="com.poker.bts.repository.StrategyRepositoryTest" time="0.07">
    <system-out><![CDATA[2026-01-25 22:32:21 - Loading strategy for: Scenario{BTN vs null, OPEN}
]]></system-out>
  </testcase>
  <testcase name="summaryShouldCalculateCorrectRanges" classname="com.poker.bts.repository.StrategyRepositoryTest" time="0.014">
    <system-out><![CDATA[2026-01-25 22:32:21 - Loading strategy for: Scenario{BTN vs BB, FACING_OPEN}
]]></system-out>
  </testcase>
  <testcase name="handLabelsShouldBeInStandardOrder" classname="com.poker.bts.repository.StrategyRepositoryTest" time="0.004">
    <system-out><![CDATA[2026-01-25 22:32:21 - Loading strategy for: Scenario{BTN vs null, OPEN}
]]></system-out>
  </testcase>
  <testcase name="matrixRowProbabilitiesShouldSumToOne" classname="com.poker.bts.repository.StrategyRepositoryTest" time="0.012">
    <system-out><![CDATA[2026-01-25 22:32:21 - Loading strategy for: Scenario{BTN vs BB, FACING_OPEN}
]]></system-out>
  </testcase>
  <testcase name="shouldLoadBbVsBtnScenario" classname="com.poker.bts.repository.StrategyRepositoryTest" time="0.004">
    <system-out><![CDATA[2026-01-25 22:32:21 - Loading strategy for: Scenario{BTN vs BB, FACING_OPEN}
]]></system-out>
  </testcase>
  <testcase name="shouldReturnAllScenarios" classname="com.poker.bts.repository.StrategyRepositoryTest" time="0.007"/>
</testsuite>